<?xml version="1.0" encoding="UTF-8" ?>
<!--
  ~ Licensed to the Apache Software Foundation (ASF) under one
  ~ or more contributor license agreements.  See the NOTICE file
  ~ distributed with this work for additional information
  ~ regarding copyright ownership.  The ASF licenses this file
  ~ to you under the Apache License, Version 2.0 (the
  ~ "License"); you may not use this file except in compliance
  ~ with the License.  You may obtain a copy of the License at
  ~
  ~     http://www.apache.org/licenses/LICENSE-2.0
  ~
  ~ Unless required by applicable law or agreed to in writing,
  ~ software distributed under the License is distributed on an
  ~ "AS IS" BASIS, WITHOUT WARRANTIES OR CONDITIONS OF ANY
  ~ KIND, either express or implied.  See the License for the
  ~ specific language governing permissions and limitations
  ~ under the License.
  -->

<testsuite errors="0" tests="3" time="0.01" failures="1" name="com.shape.PointTest">
  <testcase time="0" name="testX"/>
  <testcase time="0" name="testY"/>
  <testcase time="0" name="testXY">
    <failure type="junit.framework.AssertionFailedError" message="expected:&lt;0&gt; but was:&lt;1&gt;">
      junit.framework.AssertionFailedError: expected:&lt;0&gt; but was:&lt;1&gt;
      at junit.framework.Assert.fail(Assert.java:47)
      at junit.framework.Assert.failNotEquals(Assert.java:282)
      at junit.framework.Assert.assertEquals(Assert.java:64)
      at junit.framework.Assert.assertEquals(Assert.java:201)
      at junit.framework.Assert.assertEquals(Assert.java:207)
      at com.shape.PointTest.testXY(PointTest.java:28)
      at sun.reflect.NativeMethodAccessorImpl.invoke0(Native Method)
      at sun.reflect.NativeMethodAccessorImpl.invoke(NativeMethodAccessorImpl.java:39)
      at sun.reflect.DelegatingMethodAccessorImpl.invoke(DelegatingMethodAccessorImpl.java:25)
      at java.lang.reflect.Method.invoke(Method.java:585)
      at junit.framework.TestCase.runTest(TestCase.java:154)
      at junit.framework.TestCase.runBare(TestCase.java:127)
      at junit.framework.TestResult$1.protect(TestResult.java:106)
      at junit.framework.TestResult.runProtected(TestResult.java:124)
      at junit.framework.TestResult.run(TestResult.java:109)
      at junit.framework.TestCase.run(TestCase.java:118)
      at junit.framework.TestSuite.runTest(TestSuite.java:208)
      at junit.framework.TestSuite.run(TestSuite.java:203)
      at sun.reflect.NativeMethodAccessorImpl.invoke0(Native Method)
      at sun.reflect.NativeMethodAccessorImpl.invoke(NativeMethodAccessorImpl.java:39)
      at sun.reflect.DelegatingMethodAccessorImpl.invoke(DelegatingMethodAccessorImpl.java:25)
      at java.lang.reflect.Method.invoke(Method.java:585)
      at org.codehaus.surefire.battery.JUnitBattery.executeJUnit(JUnitBattery.java:246)
      at org.codehaus.surefire.battery.JUnitBattery.execute(JUnitBattery.java:220)
      at org.codehaus.surefire.Surefire.executeBattery(Surefire.java:203)
      at org.codehaus.surefire.Surefire.run(Surefire.java:152)
      at org.codehaus.surefire.Surefire.run(Surefire.java:76)
      at sun.reflect.NativeMethodAccessorImpl.invoke0(Native Method)
      at sun.reflect.NativeMethodAccessorImpl.invoke(NativeMethodAccessorImpl.java:39)
      at sun.reflect.DelegatingMethodAccessorImpl.invoke(DelegatingMethodAccessorImpl.java:25)
      at java.lang.reflect.Method.invoke(Method.java:585)
      at org.codehaus.surefire.SurefireBooter.run(SurefireBooter.java:104)
      at org.apache.maven.test.SurefirePlugin.execute(SurefirePlugin.java:241)
      at org.apache.maven.plugin.DefaultPluginManager.executeMojo(DefaultPluginManager.java:357)
      at org.apache.maven.lifecycle.DefaultLifecycleExecutor.executeGoals(DefaultLifecycleExecutor.java:479)
      at org.apache.maven.lifecycle.DefaultLifecycleExecutor.executeGoalWithLifecycle(DefaultLifecycleExecutor.java:452)
      at org.apache.maven.lifecycle.DefaultLifecycleExecutor.executeGoal(DefaultLifecycleExecutor.java:438)
      at org.apache.maven.lifecycle.DefaultLifecycleExecutor.executeTaskSegments(DefaultLifecycleExecutor.java:273)
      at org.apache.maven.lifecycle.DefaultLifecycleExecutor.execute(DefaultLifecycleExecutor.java:131)
      at org.apache.maven.DefaultMaven.execute(DefaultMaven.java:186)
      at org.apache.maven.cli.MavenCli.main(MavenCli.java:316)
      at sun.reflect.NativeMethodAccessorImpl.invoke0(Native Method)
      at sun.reflect.NativeMethodAccessorImpl.invoke(NativeMethodAccessorImpl.java:39)
      at sun.reflect.DelegatingMethodAccessorImpl.invoke(DelegatingMethodAccessorImpl.java:25)
      at java.lang.reflect.Method.invoke(Method.java:585)
      at org.codehaus.classworlds.Launcher.launchEnhanced(Launcher.java:315)
      at org.codehaus.classworlds.Launcher.launch(Launcher.java:255)
      at org.codehaus.classworlds.Launcher.mainWithExitCode(Launcher.java:430)
      at org.codehaus.classworlds.Launcher.main(Launcher.java:375)
    </failure>
    <system-out>SYS-OUT</system-out>
    <system-err>SYS-ERR</system-err>
  </testcase>
</testsuite>